2022-10-19 17:45:42.050 [main] INFO  com.kob.backend.BackendApplication:55 - Starting BackendApplication using Java 1.8.0_202 on DESKTOP-SLGEOB7 with PID 7448 (D:\笔记\项目\kob平台的构思\kob\backend\target\classes started by tourist in D:\笔记\项目\kob平台的构思\kob\backend)
2022-10-19 17:45:42.054 [main] INFO  com.kob.backend.BackendApplication:634 - No active profile set, falling back to 1 default profile: "default"
2022-10-19 17:45:43.334 [main] INFO  o.s.boot.web.embedded.tomcat.TomcatWebServer:108 - Tomcat initialized with port(s): 8085 (http)
2022-10-19 17:45:43.345 [main] INFO  org.apache.coyote.http11.Http11NioProtocol:173 - Initializing ProtocolHandler ["http-nio-8085"]
2022-10-19 17:45:43.346 [main] INFO  org.apache.catalina.core.StandardService:173 - Starting service [Tomcat]
2022-10-19 17:45:43.347 [main] INFO  org.apache.catalina.core.StandardEngine:173 - Starting Servlet engine: [Apache Tomcat/9.0.65]
2022-10-19 17:45:43.478 [main] INFO  o.a.c.core.ContainerBase.[Tomcat].[localhost].[/]:173 - Initializing Spring embedded WebApplicationContext
2022-10-19 17:45:43.478 [main] INFO  o.s.b.w.s.c.ServletWebServerApplicationContext:292 - Root WebApplicationContext: initialization completed in 1353 ms
2022-10-19 17:45:44.408 [main] INFO  o.s.security.web.DefaultSecurityFilterChain:55 - Will secure any request with [org.springframework.security.web.session.DisableEncodeUrlFilter@f5a7226, org.springframework.security.web.context.request.async.WebAsyncManagerIntegrationFilter@519c6fcc, org.springframework.security.web.context.SecurityContextPersistenceFilter@6be6931f, org.springframework.security.web.header.HeaderWriterFilter@38d80d65, org.springframework.security.web.authentication.logout.LogoutFilter@4f116ca2, com.kob.backend.config.JwtAuthenticationTokenFilter@4eea94a4, org.springframework.security.web.savedrequest.RequestCacheAwareFilter@78da899f, org.springframework.security.web.servletapi.SecurityContextHolderAwareRequestFilter@4bb147ec, org.springframework.security.web.authentication.AnonymousAuthenticationFilter@6ad1701a, org.springframework.security.web.session.SessionManagementFilter@3cc79c02, org.springframework.security.web.access.ExceptionTranslationFilter@11381415, org.springframework.security.web.access.intercept.FilterSecurityInterceptor@721d5b74]
2022-10-19 17:45:44.804 [main] INFO  org.apache.coyote.http11.Http11NioProtocol:173 - Starting ProtocolHandler ["http-nio-8085"]
2022-10-19 17:45:44.824 [main] INFO  o.s.boot.web.embedded.tomcat.TomcatWebServer:220 - Tomcat started on port(s): 8085 (http) with context path ''
2022-10-19 17:45:44.835 [main] INFO  com.kob.backend.BackendApplication:61 - Started BackendApplication in 3.998 seconds (JVM running for 4.762)
2022-10-19 17:50:06.884 [main] INFO  com.kob.backend.BackendApplication:55 - Starting BackendApplication using Java 1.8.0_202 on DESKTOP-SLGEOB7 with PID 17708 (D:\笔记\项目\kob平台的构思\kob\backend\target\classes started by tourist in D:\笔记\项目\kob平台的构思\kob\backend)
2022-10-19 17:50:06.896 [main] INFO  com.kob.backend.BackendApplication:634 - No active profile set, falling back to 1 default profile: "default"
2022-10-19 17:50:08.155 [main] INFO  o.s.boot.web.embedded.tomcat.TomcatWebServer:108 - Tomcat initialized with port(s): 8085 (http)
2022-10-19 17:50:08.166 [main] INFO  org.apache.coyote.http11.Http11NioProtocol:173 - Initializing ProtocolHandler ["http-nio-8085"]
2022-10-19 17:50:08.168 [main] INFO  org.apache.catalina.core.StandardService:173 - Starting service [Tomcat]
2022-10-19 17:50:08.168 [main] INFO  org.apache.catalina.core.StandardEngine:173 - Starting Servlet engine: [Apache Tomcat/9.0.65]
2022-10-19 17:50:08.290 [main] INFO  o.a.c.core.ContainerBase.[Tomcat].[localhost].[/]:173 - Initializing Spring embedded WebApplicationContext
2022-10-19 17:50:08.290 [main] INFO  o.s.b.w.s.c.ServletWebServerApplicationContext:292 - Root WebApplicationContext: initialization completed in 1322 ms
2022-10-19 17:50:09.170 [main] INFO  o.s.security.web.DefaultSecurityFilterChain:55 - Will secure any request with [org.springframework.security.web.session.DisableEncodeUrlFilter@226de93c, org.springframework.security.web.context.request.async.WebAsyncManagerIntegrationFilter@72028a45, org.springframework.security.web.context.SecurityContextPersistenceFilter@2a50b32d, org.springframework.security.web.header.HeaderWriterFilter@4e0cc334, org.springframework.security.web.authentication.logout.LogoutFilter@4ea56bdb, com.kob.backend.config.JwtAuthenticationTokenFilter@310ed6b4, org.springframework.security.web.savedrequest.RequestCacheAwareFilter@1ac6dd3d, org.springframework.security.web.servletapi.SecurityContextHolderAwareRequestFilter@499ee966, org.springframework.security.web.authentication.AnonymousAuthenticationFilter@74667e6a, org.springframework.security.web.session.SessionManagementFilter@7bbcf6f0, org.springframework.security.web.access.ExceptionTranslationFilter@747835f5, org.springframework.security.web.access.intercept.FilterSecurityInterceptor@57f8951a]
2022-10-19 17:50:09.556 [main] INFO  org.apache.coyote.http11.Http11NioProtocol:173 - Starting ProtocolHandler ["http-nio-8085"]
2022-10-19 17:50:09.577 [main] INFO  o.s.boot.web.embedded.tomcat.TomcatWebServer:220 - Tomcat started on port(s): 8085 (http) with context path ''
2022-10-19 17:50:09.587 [main] INFO  com.kob.backend.BackendApplication:61 - Started BackendApplication in 3.355 seconds (JVM running for 4.182)
